{"level":"info","message":"Connecting to MongoDB at: mongodb://localhost:27017/financial_risk_insurance","service":"financial-risk-insurance","timestamp":"2026-01-26 23:49:46"}
{"level":"info","message":"✅ MongoDB Connected: localhost","service":"financial-risk-insurance","timestamp":"2026-01-26 23:49:46"}
{"level":"info","message":"📊 Database: financial_risk_insurance","service":"financial-risk-insurance","timestamp":"2026-01-26 23:49:46"}
{"level":"info","message":"Database connected successfully","service":"financial-risk-insurance","timestamp":"2026-01-26 23:49:46"}
{"level":"info","message":"Server running on port 5000","service":"financial-risk-insurance","timestamp":"2026-01-26 23:49:46"}
{"level":"info","message":"Health check: http://localhost:5000/health","service":"financial-risk-insurance","timestamp":"2026-01-26 23:49:46"}
{"level":"error","message":"SMTP connection error: Missing credentials for \"PLAIN\"","service":"financial-risk-insurance","timestamp":"2026-01-26 23:49:47"}
{"level":"error","message":"Uncaught Exception: logger.info is not a function","service":"financial-risk-insurance","timestamp":"2026-01-26 23:53:41"}
{"level":"info","message":"Connecting to MongoDB at: mongodb://localhost:27017/financial_risk_insurance","service":"financial-risk-insurance","timestamp":"2026-01-26 23:58:34"}
{"level":"info","message":"✅ MongoDB Connected: localhost","service":"financial-risk-insurance","timestamp":"2026-01-26 23:58:34"}
{"level":"info","message":"📊 Database: financial_risk_insurance","service":"financial-risk-insurance","timestamp":"2026-01-26 23:58:34"}
{"level":"info","message":"Database connected successfully","service":"financial-risk-insurance","timestamp":"2026-01-26 23:58:34"}
{"level":"info","message":"Server running on port 5000","service":"financial-risk-insurance","timestamp":"2026-01-26 23:58:34"}
{"level":"info","message":"Health check: http://localhost:5000/health","service":"financial-risk-insurance","timestamp":"2026-01-26 23:58:34"}
{"level":"error","message":"SMTP connection error: Missing credentials for \"PLAIN\"","service":"financial-risk-insurance","timestamp":"2026-01-26 23:58:35"}
{"level":"info","message":"Health check requested from ::1","service":"financial-risk-insurance","timestamp":"2026-01-26 23:58:42"}
{"level":"info","message":"Received shutdown signal, closing server...","service":"financial-risk-insurance","timestamp":"2026-01-26 23:59:30"}
{"level":"info","message":"Connecting to MongoDB at: mongodb://localhost:27017/financial_risk_insurance","service":"financial-risk-insurance","timestamp":"2026-01-28 10:58:01"}
{"level":"info","message":"✅ MongoDB Connected: localhost","service":"financial-risk-insurance","timestamp":"2026-01-28 10:58:01"}
{"level":"info","message":"📊 Database: financial_risk_insurance","service":"financial-risk-insurance","timestamp":"2026-01-28 10:58:02"}
{"level":"info","message":"Database connected successfully","service":"financial-risk-insurance","timestamp":"2026-01-28 10:58:02"}
{"level":"info","message":"Server running on port 5000","service":"financial-risk-insurance","timestamp":"2026-01-28 10:58:02"}
{"level":"info","message":"Health check: http://localhost:5000/health","service":"financial-risk-insurance","timestamp":"2026-01-28 10:58:02"}
{"level":"error","message":"SMTP connection error: Missing credentials for \"PLAIN\"","service":"financial-risk-insurance","timestamp":"2026-01-28 10:58:03"}
{"level":"error","message":"Registration error: next is not a function","service":"financial-risk-insurance","timestamp":"2026-01-28 11:54:07"}
{"level":"info","message":"Received shutdown signal, closing server...","service":"financial-risk-insurance","timestamp":"2026-01-28 12:22:23"}
{"level":"info","message":"Connecting to MongoDB at: mongodb://localhost:27017/financial_risk_insurance","service":"financial-risk-insurance","timestamp":"2026-01-28 12:22:27"}
{"level":"info","message":"✅ MongoDB Connected: localhost","service":"financial-risk-insurance","timestamp":"2026-01-28 12:22:27"}
{"level":"info","message":"📊 Database: financial_risk_insurance","service":"financial-risk-insurance","timestamp":"2026-01-28 12:22:27"}
{"level":"info","message":"Database connected successfully","service":"financial-risk-insurance","timestamp":"2026-01-28 12:22:27"}
{"level":"info","message":"Server running on port 5000","service":"financial-risk-insurance","timestamp":"2026-01-28 12:22:27"}
{"level":"info","message":"Health check: http://localhost:5000/health","service":"financial-risk-insurance","timestamp":"2026-01-28 12:22:27"}
{"level":"info","message":"✅ SMTP connection established","service":"financial-risk-insurance","timestamp":"2026-01-28 12:22:28"}
{"level":"info","message":"✅ Verification email sent to testuser@example.com","service":"financial-risk-insurance","timestamp":"2026-01-28 12:22:42"}
{"level":"debug","message":"Email ID: <da382545-9a97-94ce-b200-fbe7ea9bb451@gmail.com>","service":"financial-risk-insurance","timestamp":"2026-01-28 12:22:42"}
{"level":"info","message":"Received shutdown signal, closing server...","service":"financial-risk-insurance","timestamp":"2026-01-28 12:33:53"}
{"level":"info","message":"Connecting to MongoDB at: mongodb://localhost:27017/financial_risk_insurance","service":"financial-risk-insurance","timestamp":"2026-01-28 12:37:18"}
{"level":"info","message":"✅ MongoDB Connected: localhost","service":"financial-risk-insurance","timestamp":"2026-01-28 12:37:18"}
{"level":"info","message":"📊 Database: financial_risk_insurance","service":"financial-risk-insurance","timestamp":"2026-01-28 12:37:18"}
{"level":"info","message":"Database connected successfully","service":"financial-risk-insurance","timestamp":"2026-01-28 12:37:18"}
{"level":"info","message":"Server running on port 5000","service":"financial-risk-insurance","timestamp":"2026-01-28 12:37:18"}
{"level":"info","message":"Health check: http://localhost:5000/health","service":"financial-risk-insurance","timestamp":"2026-01-28 12:37:18"}
{"level":"info","message":"✅ SMTP connection established","service":"financial-risk-insurance","timestamp":"2026-01-28 12:37:19"}
{"level":"info","message":"✅ Verification email sent to testuser@example.com","service":"financial-risk-insurance","timestamp":"2026-01-28 12:37:25"}
{"level":"debug","message":"Email ID: <a7bea6b7-dece-e6db-23b3-47d1df74bf4e@gmail.com>","service":"financial-risk-insurance","timestamp":"2026-01-28 12:37:25"}
{"level":"info","message":"Connecting to MongoDB at: mongodb://localhost:27017/financial_risk_insurance","service":"financial-risk-insurance","timestamp":"2026-01-28 12:50:23"}
{"level":"info","message":"✅ MongoDB Connected: localhost","service":"financial-risk-insurance","timestamp":"2026-01-28 12:50:23"}
{"level":"info","message":"📊 Database: financial_risk_insurance","service":"financial-risk-insurance","timestamp":"2026-01-28 12:50:23"}
{"level":"info","message":"Database connected successfully","service":"financial-risk-insurance","timestamp":"2026-01-28 12:50:23"}
{"level":"info","message":"Server running on port 5000","service":"financial-risk-insurance","timestamp":"2026-01-28 12:50:23"}
{"level":"info","message":"Health check: http://localhost:5000/health","service":"financial-risk-insurance","timestamp":"2026-01-28 12:50:23"}
{"level":"info","message":"✅ SMTP connection established","service":"financial-risk-insurance","timestamp":"2026-01-28 12:50:24"}
{"level":"info","message":"✅ Verification email sent to testuser@example.com","service":"financial-risk-insurance","timestamp":"2026-01-28 12:53:01"}
{"level":"debug","message":"Email ID: <c52891df-5a60-022f-38b3-4f8df4f0938f@gmail.com>","service":"financial-risk-insurance","timestamp":"2026-01-28 12:53:01"}
{"level":"info","message":"✅ Verification email sent to leakonoemmanuel@gmail.com","service":"financial-risk-insurance","timestamp":"2026-01-28 19:41:48"}
{"level":"debug","message":"Email ID: <ea221485-8014-89cb-7bf7-d26a0ba9c0bb@gmail.com>","service":"financial-risk-insurance","timestamp":"2026-01-28 19:41:48"}
{"level":"info","message":"Received shutdown signal, closing server...","service":"financial-risk-insurance","timestamp":"2026-01-28 19:49:05"}
{"level":"info","message":"Connecting to MongoDB at: mongodb://localhost:27017/financial_risk_insurance","service":"financial-risk-insurance","timestamp":"2026-01-28 19:50:27"}
{"level":"info","message":"✅ MongoDB Connected: localhost","service":"financial-risk-insurance","timestamp":"2026-01-28 19:50:27"}
{"level":"info","message":"📊 Database: financial_risk_insurance","service":"financial-risk-insurance","timestamp":"2026-01-28 19:50:27"}
{"level":"info","message":"Database connected successfully","service":"financial-risk-insurance","timestamp":"2026-01-28 19:50:27"}
{"level":"info","message":"Server running on port 5000","service":"financial-risk-insurance","timestamp":"2026-01-28 19:50:27"}
{"level":"info","message":"Health check: http://localhost:5000/health","service":"financial-risk-insurance","timestamp":"2026-01-28 19:50:27"}
{"level":"info","message":"✅ SMTP connection established","service":"financial-risk-insurance","timestamp":"2026-01-28 19:50:28"}
{"level":"error","message":"Get profile service error: Cannot populate path `riskProfile` because it is not in your schema. Set the `strictPopulate` option to false to override.","service":"financial-risk-insurance","timestamp":"2026-01-28 20:12:27"}
{"level":"error","message":"Get profile controller error: Cannot populate path `riskProfile` because it is not in your schema. Set the `strictPopulate` option to false to override.","service":"financial-risk-insurance","timestamp":"2026-01-28 20:12:27"}
{"level":"error","message":"Get user by ID controller error: Cast to ObjectId failed for value \"profile\" (type string) at path \"_id\" for model \"User\"","service":"financial-risk-insurance","timestamp":"2026-01-28 20:39:48"}
{"level":"error","message":"Get user by ID controller error: Cast to ObjectId failed for value \"profile\" (type string) at path \"_id\" for model \"User\"","service":"financial-risk-insurance","timestamp":"2026-01-28 20:40:29"}
{"level":"error","message":"Get profile service error: Cannot populate path `riskProfile` because it is not in your schema. Set the `strictPopulate` option to false to override.","service":"financial-risk-insurance","timestamp":"2026-01-28 20:43:46"}
{"level":"error","message":"Get profile controller error: Cannot populate path `riskProfile` because it is not in your schema. Set the `strictPopulate` option to false to override.","service":"financial-risk-insurance","timestamp":"2026-01-28 20:43:46"}
{"level":"error","message":"Get profile service error: Cannot populate path `riskProfile` because it is not in your schema. Set the `strictPopulate` option to false to override.","service":"financial-risk-insurance","timestamp":"2026-01-28 20:44:28"}
{"level":"error","message":"Get profile controller error: Cannot populate path `riskProfile` because it is not in your schema. Set the `strictPopulate` option to false to override.","service":"financial-risk-insurance","timestamp":"2026-01-28 20:44:28"}
{"level":"error","message":"Get profile service error: Cannot populate path `riskProfile` because it is not in your schema. Set the `strictPopulate` option to false to override.","service":"financial-risk-insurance","timestamp":"2026-01-28 20:51:22"}
{"level":"error","message":"Get profile controller error: Cannot populate path `riskProfile` because it is not in your schema. Set the `strictPopulate` option to false to override.","service":"financial-risk-insurance","timestamp":"2026-01-28 20:51:22"}
{"level":"error","message":"Get profile service error: Cannot populate path `riskProfile` because it is not in your schema. Set the `strictPopulate` option to false to override.","service":"financial-risk-insurance","timestamp":"2026-01-28 20:52:34"}
{"level":"error","message":"Get profile controller error: Cannot populate path `riskProfile` because it is not in your schema. Set the `strictPopulate` option to false to override.","service":"financial-risk-insurance","timestamp":"2026-01-28 20:52:34"}
{"level":"info","message":"Received shutdown signal, closing server...","service":"financial-risk-insurance","timestamp":"2026-01-28 20:54:26"}
{"level":"info","message":"Connecting to MongoDB at: mongodb://localhost:27017/financial_risk_insurance","service":"financial-risk-insurance","timestamp":"2026-01-28 21:17:17"}
{"level":"info","message":"✅ MongoDB Connected: localhost","service":"financial-risk-insurance","timestamp":"2026-01-28 21:17:17"}
{"level":"info","message":"📊 Database: financial_risk_insurance","service":"financial-risk-insurance","timestamp":"2026-01-28 21:17:17"}
{"level":"info","message":"Database connected successfully","service":"financial-risk-insurance","timestamp":"2026-01-28 21:17:17"}
{"level":"info","message":"Server running on port 5000","service":"financial-risk-insurance","timestamp":"2026-01-28 21:17:17"}
{"level":"info","message":"Health check: http://localhost:5000/health","service":"financial-risk-insurance","timestamp":"2026-01-28 21:17:17"}
{"level":"info","message":"✅ SMTP connection established","service":"financial-risk-insurance","timestamp":"2026-01-28 21:17:18"}
{"level":"info","message":"Received shutdown signal, closing server...","service":"financial-risk-insurance","timestamp":"2026-01-28 21:19:14"}
{"level":"info","message":"Connecting to MongoDB at: mongodb://localhost:27017/financial_risk_insurance","service":"financial-risk-insurance","timestamp":"2026-01-29 12:00:00"}
{"level":"info","message":"✅ MongoDB Connected: localhost","service":"financial-risk-insurance","timestamp":"2026-01-29 12:00:00"}
{"level":"info","message":"📊 Database: financial_risk_insurance","service":"financial-risk-insurance","timestamp":"2026-01-29 12:00:00"}
{"level":"info","message":"Database connected successfully","service":"financial-risk-insurance","timestamp":"2026-01-29 12:00:00"}
{"level":"info","message":"Server running on port 5000","service":"financial-risk-insurance","timestamp":"2026-01-29 12:00:00"}
{"level":"info","message":"Health check: http://localhost:5000/health","service":"financial-risk-insurance","timestamp":"2026-01-29 12:00:00"}
{"level":"info","message":"✅ SMTP connection established","service":"financial-risk-insurance","timestamp":"2026-01-29 12:00:01"}
{"level":"info","message":"Received shutdown signal, closing server...","service":"financial-risk-insurance","timestamp":"2026-01-29 12:02:43"}
{"level":"info","message":"Connecting to MongoDB at: mongodb://localhost:27017/financial_risk_insurance","service":"financial-risk-insurance","timestamp":"2026-01-29 12:09:58"}
{"level":"info","message":"✅ MongoDB Connected: localhost","service":"financial-risk-insurance","timestamp":"2026-01-29 12:09:58"}
{"level":"info","message":"📊 Database: financial_risk_insurance","service":"financial-risk-insurance","timestamp":"2026-01-29 12:09:58"}
{"level":"info","message":"Database connected successfully","service":"financial-risk-insurance","timestamp":"2026-01-29 12:09:58"}
{"level":"info","message":"Server running on port 5000","service":"financial-risk-insurance","timestamp":"2026-01-29 12:09:58"}
{"level":"info","message":"Health check: http://localhost:5000/health","service":"financial-risk-insurance","timestamp":"2026-01-29 12:09:58"}
{"level":"info","message":"✅ SMTP connection established","service":"financial-risk-insurance","timestamp":"2026-01-29 12:10:00"}
{"level":"error","message":"Get quote controller error: Cannot read properties of undefined (reading 'calculateRiskMultiplier')","service":"financial-risk-insurance","timestamp":"2026-01-29 12:15:46"}
{"level":"info","message":"Health check requested from ::1","service":"financial-risk-insurance","timestamp":"2026-01-29 12:16:04"}
{"level":"error","message":"Get quote controller error: Cannot read properties of undefined (reading 'calculateRiskMultiplier')","service":"financial-risk-insurance","timestamp":"2026-01-29 12:33:37"}
{"level":"info","message":"Received shutdown signal, closing server...","service":"financial-risk-insurance","timestamp":"2026-01-29 12:33:46"}
{"level":"info","message":"Connecting to MongoDB at: mongodb://localhost:27017/financial_risk_insurance","service":"financial-risk-insurance","timestamp":"2026-01-29 12:33:53"}
{"level":"info","message":"✅ MongoDB Connected: localhost","service":"financial-risk-insurance","timestamp":"2026-01-29 12:33:53"}
{"level":"info","message":"📊 Database: financial_risk_insurance","service":"financial-risk-insurance","timestamp":"2026-01-29 12:33:53"}
{"level":"info","message":"Database connected successfully","service":"financial-risk-insurance","timestamp":"2026-01-29 12:33:53"}
{"level":"info","message":"Server running on port 5000","service":"financial-risk-insurance","timestamp":"2026-01-29 12:33:53"}
{"level":"info","message":"Health check: http://localhost:5000/health","service":"financial-risk-insurance","timestamp":"2026-01-29 12:33:53"}
{"level":"info","message":"✅ SMTP connection established","service":"financial-risk-insurance","timestamp":"2026-01-29 12:33:55"}
{"level":"error","message":"Get quote controller error: Cannot read properties of undefined (reading '_calculateRiskMultiplier')","service":"financial-risk-insurance","timestamp":"2026-01-29 12:34:03"}
{"level":"info","message":"Received shutdown signal, closing server...","service":"financial-risk-insurance","timestamp":"2026-01-29 12:39:16"}
{"level":"info","message":"Connecting to MongoDB at: mongodb://localhost:27017/financial_risk_insurance","service":"financial-risk-insurance","timestamp":"2026-01-29 12:39:21"}
{"level":"info","message":"✅ MongoDB Connected: localhost","service":"financial-risk-insurance","timestamp":"2026-01-29 12:39:21"}
{"level":"info","message":"📊 Database: financial_risk_insurance","service":"financial-risk-insurance","timestamp":"2026-01-29 12:39:21"}
{"level":"info","message":"Database connected successfully","service":"financial-risk-insurance","timestamp":"2026-01-29 12:39:21"}
{"level":"info","message":"Server running on port 5000","service":"financial-risk-insurance","timestamp":"2026-01-29 12:39:21"}
{"level":"info","message":"Health check: http://localhost:5000/health","service":"financial-risk-insurance","timestamp":"2026-01-29 12:39:21"}
{"level":"info","message":"✅ SMTP connection established","service":"financial-risk-insurance","timestamp":"2026-01-29 12:39:23"}
{"level":"error","message":"Get quote controller error: Cannot read properties of undefined (reading 'calculateRiskMultiplier')","service":"financial-risk-insurance","timestamp":"2026-01-29 12:39:26"}
{"level":"error","message":"Get quote controller error: Cannot read properties of undefined (reading 'calculateRiskMultiplier')","service":"financial-risk-insurance","timestamp":"2026-01-29 12:39:37"}
{"level":"info","message":"Received shutdown signal, closing server...","service":"financial-risk-insurance","timestamp":"2026-01-29 12:45:13"}
{"level":"info","message":"Connecting to MongoDB at: mongodb://localhost:27017/financial_risk_insurance","service":"financial-risk-insurance","timestamp":"2026-01-29 12:45:19"}
{"level":"info","message":"✅ MongoDB Connected: localhost","service":"financial-risk-insurance","timestamp":"2026-01-29 12:45:19"}
{"level":"info","message":"📊 Database: financial_risk_insurance","service":"financial-risk-insurance","timestamp":"2026-01-29 12:45:19"}
{"level":"info","message":"Database connected successfully","service":"financial-risk-insurance","timestamp":"2026-01-29 12:45:19"}
{"level":"info","message":"Server running on port 5000","service":"financial-risk-insurance","timestamp":"2026-01-29 12:45:19"}
{"level":"info","message":"Health check: http://localhost:5000/health","service":"financial-risk-insurance","timestamp":"2026-01-29 12:45:19"}
{"level":"info","message":"✅ SMTP connection established","service":"financial-risk-insurance","timestamp":"2026-01-29 12:45:20"}
{"level":"error","message":"Submit application controller error: ActivityLog validation failed: entityId: Cast to ObjectId failed for value \"APP-1769680617056-oa4e238fg\" (type string) at path \"entityId\" because of \"BSONError\", entity: `application` is not a valid enum value for path `entity`.","service":"financial-risk-insurance","timestamp":"2026-01-29 12:56:57"}
{"level":"info","message":"Received shutdown signal, closing server...","service":"financial-risk-insurance","timestamp":"2026-01-29 13:08:31"}
{"level":"info","message":"Connecting to MongoDB at: mongodb://localhost:27017/financial_risk_insurance","service":"financial-risk-insurance","timestamp":"2026-01-29 13:13:27"}
{"level":"info","message":"✅ MongoDB Connected: localhost","service":"financial-risk-insurance","timestamp":"2026-01-29 13:13:27"}
{"level":"info","message":"📊 Database: financial_risk_insurance","service":"financial-risk-insurance","timestamp":"2026-01-29 13:13:27"}
{"level":"info","message":"Database connected successfully","service":"financial-risk-insurance","timestamp":"2026-01-29 13:13:27"}
{"level":"info","message":"Server running on port 5000","service":"financial-risk-insurance","timestamp":"2026-01-29 13:13:27"}
{"level":"info","message":"Health check: http://localhost:5000/health","service":"financial-risk-insurance","timestamp":"2026-01-29 13:13:27"}
{"level":"info","message":"✅ SMTP connection established","service":"financial-risk-insurance","timestamp":"2026-01-29 13:13:28"}
{"level":"error","message":"Submit application controller error: ActivityLog validation failed: entityId: Cast to ObjectId failed for value \"APP-1769681831204-y89zjju5o\" (type string) at path \"entityId\" because of \"BSONError\", entity: `application` is not a valid enum value for path `entity`.","service":"financial-risk-insurance","timestamp":"2026-01-29 13:17:11"}
{"level":"error","message":"Create policy controller error: Policy validation failed: policyNumber: Path `policyNumber` is required.","service":"financial-risk-insurance","timestamp":"2026-01-29 13:17:39"}
{"level":"info","message":"Connecting to MongoDB at: mongodb://localhost:27017/financial_risk_insurance","service":"financial-risk-insurance","timestamp":"2026-01-29 13:21:12"}
{"level":"info","message":"✅ MongoDB Connected: localhost","service":"financial-risk-insurance","timestamp":"2026-01-29 13:21:12"}
{"level":"info","message":"📊 Database: financial_risk_insurance","service":"financial-risk-insurance","timestamp":"2026-01-29 13:21:12"}
{"level":"info","message":"Database connected successfully","service":"financial-risk-insurance","timestamp":"2026-01-29 13:21:12"}
{"level":"info","message":"Server running on port 5000","service":"financial-risk-insurance","timestamp":"2026-01-29 13:21:12"}
{"level":"info","message":"Health check: http://localhost:5000/health","service":"financial-risk-insurance","timestamp":"2026-01-29 13:21:12"}
{"level":"info","message":"✅ SMTP connection established","service":"financial-risk-insurance","timestamp":"2026-01-29 13:21:13"}
{"level":"info","message":"Connecting to MongoDB at: mongodb://localhost:27017/financial_risk_insurance","service":"financial-risk-insurance","timestamp":"2026-01-29 13:21:26"}
{"level":"info","message":"✅ MongoDB Connected: localhost","service":"financial-risk-insurance","timestamp":"2026-01-29 13:21:26"}
{"level":"info","message":"📊 Database: financial_risk_insurance","service":"financial-risk-insurance","timestamp":"2026-01-29 13:21:26"}
{"level":"info","message":"Database connected successfully","service":"financial-risk-insurance","timestamp":"2026-01-29 13:21:26"}
{"level":"info","message":"Server running on port 5000","service":"financial-risk-insurance","timestamp":"2026-01-29 13:21:26"}
{"level":"info","message":"Health check: http://localhost:5000/health","service":"financial-risk-insurance","timestamp":"2026-01-29 13:21:26"}
{"level":"info","message":"✅ SMTP connection established","service":"financial-risk-insurance","timestamp":"2026-01-29 13:21:28"}
{"level":"warn","message":"404: POST /api/risk-profile","service":"financial-risk-insurance","timestamp":"2026-01-29 14:06:44"}
{"level":"error","message":"Create policy controller error: Policy validation failed: policyNumber: Path `policyNumber` is required., name: Path `name` is required.","service":"financial-risk-insurance","timestamp":"2026-01-29 14:07:08"}
{"level":"error","message":"Create policy controller error: Policy validation failed: policyNumber: Path `policyNumber` is required.","service":"financial-risk-insurance","timestamp":"2026-01-29 14:07:39"}
{"level":"info","message":"Connecting to MongoDB at: mongodb://localhost:27017/financial_risk_insurance","service":"financial-risk-insurance","timestamp":"2026-01-29 14:10:06"}
{"level":"info","message":"✅ MongoDB Connected: localhost","service":"financial-risk-insurance","timestamp":"2026-01-29 14:10:07"}
{"level":"info","message":"📊 Database: financial_risk_insurance","service":"financial-risk-insurance","timestamp":"2026-01-29 14:10:07"}
{"level":"info","message":"Database connected successfully","service":"financial-risk-insurance","timestamp":"2026-01-29 14:10:07"}
{"level":"info","message":"Server running on port 5000","service":"financial-risk-insurance","timestamp":"2026-01-29 14:10:07"}
{"level":"info","message":"Health check: http://localhost:5000/health","service":"financial-risk-insurance","timestamp":"2026-01-29 14:10:07"}
{"level":"info","message":"✅ SMTP connection established","service":"financial-risk-insurance","timestamp":"2026-01-29 14:10:08"}
{"level":"error","message":"Create policy controller error: Policy validation failed: policyNumber: Path `policyNumber` is required., name: Path `name` is required.","service":"financial-risk-insurance","timestamp":"2026-01-29 14:18:44"}
{"level":"info","message":"Connecting to MongoDB at: mongodb://localhost:27017/financial_risk_insurance","service":"financial-risk-insurance","timestamp":"2026-01-29 14:25:23"}
{"level":"info","message":"✅ MongoDB Connected: localhost","service":"financial-risk-insurance","timestamp":"2026-01-29 14:25:23"}
{"level":"info","message":"📊 Database: financial_risk_insurance","service":"financial-risk-insurance","timestamp":"2026-01-29 14:25:23"}
{"level":"info","message":"Database connected successfully","service":"financial-risk-insurance","timestamp":"2026-01-29 14:25:23"}
{"level":"info","message":"Server running on port 5000","service":"financial-risk-insurance","timestamp":"2026-01-29 14:25:23"}
{"level":"info","message":"Health check: http://localhost:5000/health","service":"financial-risk-insurance","timestamp":"2026-01-29 14:25:23"}
{"level":"info","message":"✅ SMTP connection established","service":"financial-risk-insurance","timestamp":"2026-01-29 14:25:25"}
{"level":"info","message":"Connecting to MongoDB at: mongodb://localhost:27017/financial_risk_insurance","service":"financial-risk-insurance","timestamp":"2026-01-29 14:25:31"}
{"level":"info","message":"✅ MongoDB Connected: localhost","service":"financial-risk-insurance","timestamp":"2026-01-29 14:25:31"}
{"level":"info","message":"📊 Database: financial_risk_insurance","service":"financial-risk-insurance","timestamp":"2026-01-29 14:25:31"}
{"level":"info","message":"Database connected successfully","service":"financial-risk-insurance","timestamp":"2026-01-29 14:25:31"}
{"level":"info","message":"Server running on port 5000","service":"financial-risk-insurance","timestamp":"2026-01-29 14:25:31"}
{"level":"info","message":"Health check: http://localhost:5000/health","service":"financial-risk-insurance","timestamp":"2026-01-29 14:25:31"}
{"level":"info","message":"✅ SMTP connection established","service":"financial-risk-insurance","timestamp":"2026-01-29 14:25:32"}
{"level":"error","message":"Create policy controller error: Policy validation failed: name: Path `name` is required.","service":"financial-risk-insurance","timestamp":"2026-01-29 14:25:55"}
{"level":"info","message":"Connecting to MongoDB at: mongodb://localhost:27017/financial_risk_insurance","service":"financial-risk-insurance","timestamp":"2026-01-29 14:44:39"}
{"level":"info","message":"✅ MongoDB Connected: localhost","service":"financial-risk-insurance","timestamp":"2026-01-29 14:44:39"}
{"level":"info","message":"📊 Database: financial_risk_insurance","service":"financial-risk-insurance","timestamp":"2026-01-29 14:44:39"}
{"level":"info","message":"Database connected successfully","service":"financial-risk-insurance","timestamp":"2026-01-29 14:44:39"}
{"level":"info","message":"Server running on port 5000","service":"financial-risk-insurance","timestamp":"2026-01-29 14:44:39"}
{"level":"info","message":"Health check: http://localhost:5000/health","service":"financial-risk-insurance","timestamp":"2026-01-29 14:44:39"}
{"level":"info","message":"✅ SMTP connection established","service":"financial-risk-insurance","timestamp":"2026-01-29 14:44:41"}
{"level":"error","message":"Create policy controller error: next is not a function","service":"financial-risk-insurance","timestamp":"2026-01-29 14:45:09"}
{"level":"info","message":"Connecting to MongoDB at: mongodb://localhost:27017/financial_risk_insurance","service":"financial-risk-insurance","timestamp":"2026-01-29 14:57:12"}
{"level":"info","message":"✅ MongoDB Connected: localhost","service":"financial-risk-insurance","timestamp":"2026-01-29 14:57:12"}
{"level":"info","message":"📊 Database: financial_risk_insurance","service":"financial-risk-insurance","timestamp":"2026-01-29 14:57:12"}
{"level":"info","message":"Database connected successfully","service":"financial-risk-insurance","timestamp":"2026-01-29 14:57:12"}
{"level":"info","message":"Server running on port 5000","service":"financial-risk-insurance","timestamp":"2026-01-29 14:57:12"}
{"level":"info","message":"Health check: http://localhost:5000/health","service":"financial-risk-insurance","timestamp":"2026-01-29 14:57:12"}
{"level":"info","message":"✅ SMTP connection established","service":"financial-risk-insurance","timestamp":"2026-01-29 14:57:14"}
{"level":"error","message":"Create policy controller error: next is not a function","service":"financial-risk-insurance","timestamp":"2026-01-29 14:57:30"}
{"level":"info","message":"Connecting to MongoDB at: mongodb://localhost:27017/financial_risk_insurance","service":"financial-risk-insurance","timestamp":"2026-01-29 15:03:06"}
{"level":"info","message":"✅ MongoDB Connected: localhost","service":"financial-risk-insurance","timestamp":"2026-01-29 15:03:06"}
{"level":"info","message":"📊 Database: financial_risk_insurance","service":"financial-risk-insurance","timestamp":"2026-01-29 15:03:06"}
{"level":"info","message":"Database connected successfully","service":"financial-risk-insurance","timestamp":"2026-01-29 15:03:06"}
{"level":"info","message":"Server running on port 5000","service":"financial-risk-insurance","timestamp":"2026-01-29 15:03:06"}
{"level":"info","message":"Health check: http://localhost:5000/health","service":"financial-risk-insurance","timestamp":"2026-01-29 15:03:06"}
{"level":"info","message":"✅ SMTP connection established","service":"financial-risk-insurance","timestamp":"2026-01-29 15:03:08"}
{"level":"info","message":"✅ Policy creation email sent to leakonoemmanuel@gmail.com for policy POL-205270-4480","service":"financial-risk-insurance","timestamp":"2026-01-29 15:03:30"}
{"level":"info","message":"✅ Policy creation email sent to leakonoemmanuel@gmail.com for policy POL-889966-3785","service":"financial-risk-insurance","timestamp":"2026-01-29 15:14:52"}
{"level":"error","message":"Renew policy controller error: Cast to ObjectId failed for value \"NEW_POLICY_ID_HERE\" (type string) at path \"_id\" for model \"Policy\"","service":"financial-risk-insurance","timestamp":"2026-01-29 15:15:05"}
{"level":"error","message":"Submit application controller error: Cannot read properties of undefined (reading 'calculatePremium')","service":"financial-risk-insurance","timestamp":"2026-01-29 15:15:34"}
{"level":"error","message":"Submit application controller error: Cannot read properties of undefined (reading 'calculatePremium')","service":"financial-risk-insurance","timestamp":"2026-01-29 15:24:21"}
{"level":"error","message":"Get user by ID controller error: Cast to ObjectId failed for value \"profile\" (type string) at path \"_id\" for model \"User\"","service":"financial-risk-insurance","timestamp":"2026-01-29 15:24:54"}
{"level":"info","message":"Connecting to MongoDB at: mongodb://localhost:27017/financial_risk_insurance","service":"financial-risk-insurance","timestamp":"2026-01-29 15:41:33"}
{"level":"info","message":"✅ MongoDB Connected: localhost","service":"financial-risk-insurance","timestamp":"2026-01-29 15:41:33"}
{"level":"info","message":"📊 Database: financial_risk_insurance","service":"financial-risk-insurance","timestamp":"2026-01-29 15:41:33"}
{"level":"info","message":"Database connected successfully","service":"financial-risk-insurance","timestamp":"2026-01-29 15:41:33"}
{"level":"info","message":"Server running on port 5000","service":"financial-risk-insurance","timestamp":"2026-01-29 15:41:33"}
{"level":"info","message":"Health check: http://localhost:5000/health","service":"financial-risk-insurance","timestamp":"2026-01-29 15:41:33"}
{"level":"info","message":"✅ SMTP connection established","service":"financial-risk-insurance","timestamp":"2026-01-29 15:41:34"}
{"level":"info","message":"Connecting to MongoDB at: mongodb://localhost:27017/financial_risk_insurance","service":"financial-risk-insurance","timestamp":"2026-01-29 15:41:37"}
{"level":"info","message":"✅ MongoDB Connected: localhost","service":"financial-risk-insurance","timestamp":"2026-01-29 15:41:37"}
{"level":"info","message":"📊 Database: financial_risk_insurance","service":"financial-risk-insurance","timestamp":"2026-01-29 15:41:37"}
{"level":"info","message":"Database connected successfully","service":"financial-risk-insurance","timestamp":"2026-01-29 15:41:37"}
{"level":"info","message":"Server running on port 5000","service":"financial-risk-insurance","timestamp":"2026-01-29 15:41:37"}
{"level":"info","message":"Health check: http://localhost:5000/health","service":"financial-risk-insurance","timestamp":"2026-01-29 15:41:37"}
{"level":"info","message":"✅ SMTP connection established","service":"financial-risk-insurance","timestamp":"2026-01-29 15:41:38"}
{"level":"error","message":"Submit application controller error: ActivityLog validation failed: entityId: Cast to ObjectId failed for value \"APP-1769691126527-3quwz9tby\" (type string) at path \"entityId\" because of \"BSONError\", entity: `application` is not a valid enum value for path `entity`.","service":"financial-risk-insurance","timestamp":"2026-01-29 15:52:06"}
{"level":"info","message":"✅ Policy creation email sent to leakonoemmanuel@gmail.com for policy POL-173055-5626","service":"financial-risk-insurance","timestamp":"2026-01-29 15:52:56"}
{"level":"info","message":"✅ Verification email sent to test@example.com","service":"financial-risk-insurance","timestamp":"2026-01-29 16:03:09"}
{"level":"debug","message":"Email ID: <adc136ba-e037-187b-d2ce-91db0a4f431a@gmail.com>","service":"financial-risk-insurance","timestamp":"2026-01-29 16:03:09"}
{"level":"error","message":"Change password service error: Current password is incorrect","service":"financial-risk-insurance","timestamp":"2026-01-29 16:03:09"}
{"level":"error","message":"Change password controller error: Current password is incorrect","service":"financial-risk-insurance","timestamp":"2026-01-29 16:03:09"}
{"level":"info","message":"✅ Policy creation email sent to leakonoemmanuel@gmail.com for policy POL-790235-3257","service":"financial-risk-insurance","timestamp":"2026-01-29 16:03:14"}
{"level":"error","message":"Submit application controller error: ActivityLog validation failed: entityId: Cast to ObjectId failed for value \"APP-1769691794923-4hp4k479r\" (type string) at path \"entityId\" because of \"BSONError\", entity: `application` is not a valid enum value for path `entity`.","service":"financial-risk-insurance","timestamp":"2026-01-29 16:03:14"}
{"level":"info","message":"Received shutdown signal, closing server...","service":"financial-risk-insurance","timestamp":"2026-01-29 16:07:56"}
