{"level":"error","message":"SMTP connection error: Missing credentials for \"PLAIN\"","service":"financial-risk-insurance","timestamp":"2026-01-26 23:49:47"}
{"level":"error","message":"Uncaught Exception: logger.info is not a function","service":"financial-risk-insurance","timestamp":"2026-01-26 23:53:41"}
{"level":"error","message":"SMTP connection error: Missing credentials for \"PLAIN\"","service":"financial-risk-insurance","timestamp":"2026-01-26 23:58:35"}
{"level":"error","message":"SMTP connection error: Missing credentials for \"PLAIN\"","service":"financial-risk-insurance","timestamp":"2026-01-28 10:58:03"}
{"level":"error","message":"Registration error: next is not a function","service":"financial-risk-insurance","timestamp":"2026-01-28 11:54:07"}
{"level":"error","message":"Uncaught Exception: next is not a function","service":"financial-risk-insurance","timestamp":"2026-01-28 12:37:25"}
{"level":"error","message":"Get profile service error: Cannot populate path `riskProfile` because it is not in your schema. Set the `strictPopulate` option to false to override.","service":"financial-risk-insurance","timestamp":"2026-01-28 20:12:27"}
{"level":"error","message":"Get profile controller error: Cannot populate path `riskProfile` because it is not in your schema. Set the `strictPopulate` option to false to override.","service":"financial-risk-insurance","timestamp":"2026-01-28 20:12:27"}
{"level":"error","message":"Get user by ID controller error: Cast to ObjectId failed for value \"profile\" (type string) at path \"_id\" for model \"User\"","service":"financial-risk-insurance","timestamp":"2026-01-28 20:39:48"}
{"level":"error","message":"Get user by ID controller error: Cast to ObjectId failed for value \"profile\" (type string) at path \"_id\" for model \"User\"","service":"financial-risk-insurance","timestamp":"2026-01-28 20:40:29"}
{"level":"error","message":"Get profile service error: Cannot populate path `riskProfile` because it is not in your schema. Set the `strictPopulate` option to false to override.","service":"financial-risk-insurance","timestamp":"2026-01-28 20:43:46"}
{"level":"error","message":"Get profile controller error: Cannot populate path `riskProfile` because it is not in your schema. Set the `strictPopulate` option to false to override.","service":"financial-risk-insurance","timestamp":"2026-01-28 20:43:46"}
{"level":"error","message":"Get profile service error: Cannot populate path `riskProfile` because it is not in your schema. Set the `strictPopulate` option to false to override.","service":"financial-risk-insurance","timestamp":"2026-01-28 20:44:28"}
{"level":"error","message":"Get profile controller error: Cannot populate path `riskProfile` because it is not in your schema. Set the `strictPopulate` option to false to override.","service":"financial-risk-insurance","timestamp":"2026-01-28 20:44:28"}
{"level":"error","message":"Get profile service error: Cannot populate path `riskProfile` because it is not in your schema. Set the `strictPopulate` option to false to override.","service":"financial-risk-insurance","timestamp":"2026-01-28 20:51:22"}
{"level":"error","message":"Get profile controller error: Cannot populate path `riskProfile` because it is not in your schema. Set the `strictPopulate` option to false to override.","service":"financial-risk-insurance","timestamp":"2026-01-28 20:51:22"}
{"level":"error","message":"Get profile service error: Cannot populate path `riskProfile` because it is not in your schema. Set the `strictPopulate` option to false to override.","service":"financial-risk-insurance","timestamp":"2026-01-28 20:52:34"}
{"level":"error","message":"Get profile controller error: Cannot populate path `riskProfile` because it is not in your schema. Set the `strictPopulate` option to false to override.","service":"financial-risk-insurance","timestamp":"2026-01-28 20:52:34"}
{"level":"error","message":"Get quote controller error: Cannot read properties of undefined (reading 'calculateRiskMultiplier')","service":"financial-risk-insurance","timestamp":"2026-01-29 12:15:46"}
{"level":"error","message":"Get quote controller error: Cannot read properties of undefined (reading 'calculateRiskMultiplier')","service":"financial-risk-insurance","timestamp":"2026-01-29 12:33:37"}
{"level":"error","message":"Get quote controller error: Cannot read properties of undefined (reading '_calculateRiskMultiplier')","service":"financial-risk-insurance","timestamp":"2026-01-29 12:34:03"}
{"level":"error","message":"Get quote controller error: Cannot read properties of undefined (reading 'calculateRiskMultiplier')","service":"financial-risk-insurance","timestamp":"2026-01-29 12:39:26"}
{"level":"error","message":"Get quote controller error: Cannot read properties of undefined (reading 'calculateRiskMultiplier')","service":"financial-risk-insurance","timestamp":"2026-01-29 12:39:37"}
{"level":"error","message":"Submit application controller error: ActivityLog validation failed: entityId: Cast to ObjectId failed for value \"APP-1769680617056-oa4e238fg\" (type string) at path \"entityId\" because of \"BSONError\", entity: `application` is not a valid enum value for path `entity`.","service":"financial-risk-insurance","timestamp":"2026-01-29 12:56:57"}
{"level":"error","message":"Submit application controller error: ActivityLog validation failed: entityId: Cast to ObjectId failed for value \"APP-1769681831204-y89zjju5o\" (type string) at path \"entityId\" because of \"BSONError\", entity: `application` is not a valid enum value for path `entity`.","service":"financial-risk-insurance","timestamp":"2026-01-29 13:17:11"}
{"level":"error","message":"Create policy controller error: Policy validation failed: policyNumber: Path `policyNumber` is required.","service":"financial-risk-insurance","timestamp":"2026-01-29 13:17:39"}
{"level":"error","message":"Create policy controller error: Policy validation failed: policyNumber: Path `policyNumber` is required., name: Path `name` is required.","service":"financial-risk-insurance","timestamp":"2026-01-29 14:07:08"}
{"level":"error","message":"Create policy controller error: Policy validation failed: policyNumber: Path `policyNumber` is required.","service":"financial-risk-insurance","timestamp":"2026-01-29 14:07:39"}
{"level":"error","message":"Create policy controller error: Policy validation failed: policyNumber: Path `policyNumber` is required., name: Path `name` is required.","service":"financial-risk-insurance","timestamp":"2026-01-29 14:18:44"}
{"level":"error","message":"Create policy controller error: Policy validation failed: name: Path `name` is required.","service":"financial-risk-insurance","timestamp":"2026-01-29 14:25:55"}
{"level":"error","message":"Create policy controller error: next is not a function","service":"financial-risk-insurance","timestamp":"2026-01-29 14:45:09"}
{"level":"error","message":"Create policy controller error: next is not a function","service":"financial-risk-insurance","timestamp":"2026-01-29 14:57:30"}
{"level":"error","message":"Renew policy controller error: Cast to ObjectId failed for value \"NEW_POLICY_ID_HERE\" (type string) at path \"_id\" for model \"Policy\"","service":"financial-risk-insurance","timestamp":"2026-01-29 15:15:05"}
{"level":"error","message":"Submit application controller error: Cannot read properties of undefined (reading 'calculatePremium')","service":"financial-risk-insurance","timestamp":"2026-01-29 15:15:34"}
{"level":"error","message":"Submit application controller error: Cannot read properties of undefined (reading 'calculatePremium')","service":"financial-risk-insurance","timestamp":"2026-01-29 15:24:21"}
{"level":"error","message":"Get user by ID controller error: Cast to ObjectId failed for value \"profile\" (type string) at path \"_id\" for model \"User\"","service":"financial-risk-insurance","timestamp":"2026-01-29 15:24:54"}
{"level":"error","message":"Submit application controller error: ActivityLog validation failed: entityId: Cast to ObjectId failed for value \"APP-1769691126527-3quwz9tby\" (type string) at path \"entityId\" because of \"BSONError\", entity: `application` is not a valid enum value for path `entity`.","service":"financial-risk-insurance","timestamp":"2026-01-29 15:52:06"}
{"level":"error","message":"Change password service error: Current password is incorrect","service":"financial-risk-insurance","timestamp":"2026-01-29 16:03:09"}
{"level":"error","message":"Change password controller error: Current password is incorrect","service":"financial-risk-insurance","timestamp":"2026-01-29 16:03:09"}
{"level":"error","message":"Submit application controller error: ActivityLog validation failed: entityId: Cast to ObjectId failed for value \"APP-1769691794923-4hp4k479r\" (type string) at path \"entityId\" because of \"BSONError\", entity: `application` is not a valid enum value for path `entity`.","service":"financial-risk-insurance","timestamp":"2026-01-29 16:03:14"}
